Using pre-set license
Built from '2020.3/staging' branch; Version is '2020.3.0f1 (c7b5465681fb) revision 13088070'; Using compiler version '192528614'; Build Type 'Release'
OS: 'Windows 10 Pro; OS build 19041.867; Version 2004; 64bit' Language: 'en' Physical Memory: 16298 MB
BatchMode: 1, IsHumanControllingUs: 0, StartBugReporterOnCrash: 0, Is64bit: 1, IsPro: 0

 COMMAND LINE ARGUMENTS:
C:\Program Files\Unity\Hub\Editor\2020.3.0f1\Editor\Unity.exe
-adb2
-batchMode
-noUpm
-name
AssetImportWorker0
-projectPath
C:/Projects/tork
-logFile
Logs/AssetImportWorker0.log
-srvPort
64701
Successfully changed project path to: C:/Projects/tork
C:/Projects/tork
Using Asset Import Pipeline V2.
Refreshing native plugins compatible for Editor in 25.97 ms, found 0 plugins.
Preloading 0 native plugins for Editor in 0.00 ms.
Initialize engine version: 2020.3.0f1 (c7b5465681fb)
[Subsystems] Discovering subsystems at path C:/Program Files/Unity/Hub/Editor/2020.3.0f1/Editor/Data/Resources/UnitySubsystems
[Subsystems] Discovering subsystems at path C:/Projects/tork/Assets
GfxDevice: creating device client; threaded=0
Direct3D:
    Version:  Direct3D 11.0 [level 11.1]
    Renderer: NVIDIA GeForce GTX 970 (ID=0x13c2)
    Vendor:   
    VRAM:     4043 MB
    Driver:   27.21.14.5671
Initialize mono
Mono path[0] = 'C:/Program Files/Unity/Hub/Editor/2020.3.0f1/Editor/Data/Managed'
Mono path[1] = 'C:/Program Files/Unity/Hub/Editor/2020.3.0f1/Editor/Data/MonoBleedingEdge/lib/mono/unityjit'
Mono config path = 'C:/Program Files/Unity/Hub/Editor/2020.3.0f1/Editor/Data/MonoBleedingEdge/etc'
Using monoOptions --debugger-agent=transport=dt_socket,embedding=1,server=y,suspend=n,address=127.0.0.1:56292
Begin MonoManager ReloadAssembly
Registering precompiled unity dll's ...
Register platform support module: C:/Program Files/Unity/Hub/Editor/2020.3.0f1/Editor/Data/PlaybackEngines/WindowsStandaloneSupport/UnityEditor.WindowsStandalone.Extensions.dll
Registered in 0.003848 seconds.
Native extension for WindowsStandalone target not found
Refreshing native plugins compatible for Editor in 19.81 ms, found 0 plugins.
Preloading 0 native plugins for Editor in 0.00 ms.
Invoked RoslynAnalysisRunner static constructor.
RoslynAnalysisRunner will not be running.
RoslynAnalysisRunner has terminated.
Mono: successfully reloaded assembly
- Completed reload, in  1.057 seconds
Platform modules already initialized, skipping
Registering precompiled user dll's ...
Registered in 0.000686 seconds.
Begin MonoManager ReloadAssembly
Native extension for WindowsStandalone target not found
Refreshing native plugins compatible for Editor in 0.16 ms, found 0 plugins.
Preloading 0 native plugins for Editor in 0.00 ms.
Invoked RoslynAnalysisRunner static constructor.
RoslynAnalysisRunner will not be running.
RoslynAnalysisRunner has terminated.
Mono: successfully reloaded assembly
- Completed reload, in  0.742 seconds
Platform modules already initialized, skipping
========================================================================
Worker process is ready to serve import requests
Launched and connected shader compiler UnityShaderCompiler.exe after 0.04 seconds
Refreshing native plugins compatible for Editor in 0.17 ms, found 0 plugins.
Preloading 0 native plugins for Editor in 0.00 ms.
Unloading 1007 Unused Serialized files (Serialized files now loaded: 0)
System memory in use before: 53.6 MB.
System memory in use after: 53.7 MB.

Unloading 13 unused Assets to reduce memory usage. Loaded Objects now: 1455.
Total: 1.647700 ms (FindLiveObjects: 0.125400 ms CreateObjectMapping: 0.035000 ms MarkObjects: 1.400900 ms  DeleteObjects: 0.085400 ms)

========================================================================
Received Import Request.
  path: Assets/Tork/Samples/Scenes/Demo.unity
  artifactKey: Guid(6254e3dd1693fe442b058dff93633dce) Importer(815301076,1909f56bfc062723c751e8b465ee728b)
Start importing Assets/Tork/Samples/Scenes/Demo.unity using Guid(6254e3dd1693fe442b058dff93633dce) Importer(815301076,1909f56bfc062723c751e8b465ee728b)  -> (artifact id: '0c6121e0dd35319c7d802c6fa636ee6e') in 0.015923 seconds
  Import took 0.017626 seconds .

========================================================================
Received Prepare
Registering precompiled user dll's ...
Registered in 0.000630 seconds.
Begin MonoManager ReloadAssembly
Native extension for WindowsStandalone target not found
Refreshing native plugins compatible for Editor in 0.17 ms, found 0 plugins.
Preloading 0 native plugins for Editor in 0.00 ms.
Invoked RoslynAnalysisRunner static constructor.
RoslynAnalysisRunner will not be running.
RoslynAnalysisRunner has terminated.
Mono: successfully reloaded assembly
- Completed reload, in  0.705 seconds
Platform modules already initialized, skipping
Refreshing native plugins compatible for Editor in 0.16 ms, found 0 plugins.
Preloading 0 native plugins for Editor in 0.00 ms.
Unloading 1000 Unused Serialized files (Serialized files now loaded: 0)
System memory in use before: 53.5 MB.
System memory in use after: 53.6 MB.

Unloading 4 unused Assets to reduce memory usage. Loaded Objects now: 1458.
Total: 1.431200 ms (FindLiveObjects: 0.161500 ms CreateObjectMapping: 0.034200 ms MarkObjects: 1.213700 ms  DeleteObjects: 0.020000 ms)

========================================================================
Received Import Request.
  Time since last request: 1884.438493 seconds.
  path: Assets/Tork/Runtime/Core/Steering.cs
  artifactKey: Guid(056dd3d9a80d4444abad9ebc9805a503) Importer(815301076,1909f56bfc062723c751e8b465ee728b)
Start importing Assets/Tork/Runtime/Core/Steering.cs using Guid(056dd3d9a80d4444abad9ebc9805a503) Importer(815301076,1909f56bfc062723c751e8b465ee728b)  -> (artifact id: 'e1a6cba61027923795b7484cc7814044') in 0.043977 seconds
  Import took 0.045610 seconds .

========================================================================
Received Import Request.
  Time since last request: 14.837022 seconds.
  path: Assets/Tork/Runtime/Core/AckermannUnity.cs
  artifactKey: Guid(bfbe075e10a5e4641b07451308c19973) Importer(815301076,1909f56bfc062723c751e8b465ee728b)
Start importing Assets/Tork/Runtime/Core/AckermannUnity.cs using Guid(bfbe075e10a5e4641b07451308c19973) Importer(815301076,1909f56bfc062723c751e8b465ee728b)  -> (artifact id: '9b2e82d822b7b4da29d24c1184102a85') in 0.007412 seconds
  Import took 0.009193 seconds .

========================================================================
Received Import Request.
  Time since last request: 0.021618 seconds.
  path: Assets/Tork/Runtime/Core/AckermannUnity.cs
  artifactKey: Guid(bfbe075e10a5e4641b07451308c19973) Importer(815301076,1909f56bfc062723c751e8b465ee728b)
Start importing Assets/Tork/Runtime/Core/AckermannUnity.cs using Guid(bfbe075e10a5e4641b07451308c19973) Importer(815301076,1909f56bfc062723c751e8b465ee728b)  -> (artifact id: '9b2e82d822b7b4da29d24c1184102a85') in 0.002640 seconds
  Import took 0.004469 seconds .

========================================================================
Received Import Request.
  Time since last request: 6.355423 seconds.
  path: Assets/Tork/Runtime/Core/Ackermann.cs
  artifactKey: Guid(53113b735cef849498b153d0a11363e1) Importer(815301076,1909f56bfc062723c751e8b465ee728b)
Start importing Assets/Tork/Runtime/Core/Ackermann.cs using Guid(53113b735cef849498b153d0a11363e1) Importer(815301076,1909f56bfc062723c751e8b465ee728b)  -> (artifact id: '835fc260ccd73eec5d84a0d28a6f72fc') in 0.005905 seconds
  Import took 0.007509 seconds .

========================================================================
Received Import Request.
  Time since last request: 40.173428 seconds.
  path: Assets/Tork/Runtime/Core/SteeringUnity.cs
  artifactKey: Guid(3e6d3cffccf4d8841bfdf8027b91d737) Importer(815301076,1909f56bfc062723c751e8b465ee728b)
Start importing Assets/Tork/Runtime/Core/SteeringUnity.cs using Guid(3e6d3cffccf4d8841bfdf8027b91d737) Importer(815301076,1909f56bfc062723c751e8b465ee728b)  -> (artifact id: 'df0ddc143be31ac5e4d4c349a9ee97c2') in 0.006771 seconds
  Import took 0.008238 seconds .

========================================================================
Received Import Request.
  Time since last request: 13.547463 seconds.
  path: Assets/Tork/Runtime/Core/SlipFrictionCurve.cs
  artifactKey: Guid(4a413117270bd464c8957e570993d74e) Importer(815301076,1909f56bfc062723c751e8b465ee728b)
Start importing Assets/Tork/Runtime/Core/SlipFrictionCurve.cs using Guid(4a413117270bd464c8957e570993d74e) Importer(815301076,1909f56bfc062723c751e8b465ee728b)  -> (artifact id: 'd9d9d2bd2c9f74b4c880d1a36ab2d4b4') in 0.006169 seconds
  Import took 0.007701 seconds .

========================================================================
Received Import Request.
  Time since last request: 2.478137 seconds.
  path: Assets/Tork/Runtime/Core/MotorUnity.cs
  artifactKey: Guid(67b5f484b8567b74892928ebff79b96a) Importer(815301076,1909f56bfc062723c751e8b465ee728b)
Start importing Assets/Tork/Runtime/Core/MotorUnity.cs using Guid(67b5f484b8567b74892928ebff79b96a) Importer(815301076,1909f56bfc062723c751e8b465ee728b)  -> (artifact id: 'fe7a96a36dce13d956d42f73152836f7') in 0.008449 seconds
  Import took 0.010933 seconds .

========================================================================
Received Import Request.
  Time since last request: 0.698814 seconds.
  path: Assets/Tork/Runtime/Core/Motor.cs
  artifactKey: Guid(a28b5a52112c97342bb0ca5d468e15b7) Importer(815301076,1909f56bfc062723c751e8b465ee728b)
Start importing Assets/Tork/Runtime/Core/Motor.cs using Guid(a28b5a52112c97342bb0ca5d468e15b7) Importer(815301076,1909f56bfc062723c751e8b465ee728b)  -> (artifact id: '16a0afab04577303754db056f5389c8e') in 0.006989 seconds
  Import took 0.008840 seconds .

========================================================================
Received Import Request.
  Time since last request: 23.070622 seconds.
  path: Assets/Tork/Runtime/Core/Brakes.cs
  artifactKey: Guid(91301881b4e44114090ead2d22e0fa15) Importer(815301076,1909f56bfc062723c751e8b465ee728b)
Start importing Assets/Tork/Runtime/Core/Brakes.cs using Guid(91301881b4e44114090ead2d22e0fa15) Importer(815301076,1909f56bfc062723c751e8b465ee728b)  -> (artifact id: '98846a57c713f5367562cc6b264adb00') in 0.006388 seconds
  Import took 0.007838 seconds .

========================================================================
Received Import Request.
  Time since last request: 0.556593 seconds.
  path: Assets/Tork/Runtime/Core/BrakesUnity.cs
  artifactKey: Guid(ebb6d6701d6991f49b6cecb15489d27d) Importer(815301076,1909f56bfc062723c751e8b465ee728b)
Start importing Assets/Tork/Runtime/Core/BrakesUnity.cs using Guid(ebb6d6701d6991f49b6cecb15489d27d) Importer(815301076,1909f56bfc062723c751e8b465ee728b)  -> (artifact id: '33cb605d1cc9d1d0bcc16e46e898591e') in 0.007324 seconds
  Import took 0.009325 seconds .

========================================================================
Received Import Request.
  Time since last request: 7.940455 seconds.
  path: Assets/Tork/Runtime/Utils/AckermanUtils.cs
  artifactKey: Guid(9a6814d8b654a1245b5e3a07573cc4a6) Importer(815301076,1909f56bfc062723c751e8b465ee728b)
Start importing Assets/Tork/Runtime/Utils/AckermanUtils.cs using Guid(9a6814d8b654a1245b5e3a07573cc4a6) Importer(815301076,1909f56bfc062723c751e8b465ee728b)  -> (artifact id: 'b6215a1905e3b59613691209bd67075d') in 0.006709 seconds
  Import took 0.008597 seconds .

========================================================================
Received Import Request.
  Time since last request: 10.561163 seconds.
  path: Assets/Tork/Runtime/Utils/Extensions.cs
  artifactKey: Guid(c7e94231eba50c647a24a6fd64f93eed) Importer(815301076,1909f56bfc062723c751e8b465ee728b)
Start importing Assets/Tork/Runtime/Utils/Extensions.cs using Guid(c7e94231eba50c647a24a6fd64f93eed) Importer(815301076,1909f56bfc062723c751e8b465ee728b)  -> (artifact id: '8112cff408ed12fd1c67cfb014f1511b') in 0.006886 seconds
  Import took 0.008458 seconds .

========================================================================
Received Import Request.
  Time since last request: 3.119206 seconds.
  path: Assets/Tork/Runtime/Viz/Adrenak.Tork.Viz.asmdef
  artifactKey: Guid(aab664f5481814b4e96bc2d8026a8492) Importer(815301076,1909f56bfc062723c751e8b465ee728b)
Start importing Assets/Tork/Runtime/Viz/Adrenak.Tork.Viz.asmdef using Guid(aab664f5481814b4e96bc2d8026a8492) Importer(815301076,1909f56bfc062723c751e8b465ee728b)  -> (artifact id: '3dc7e815023d0bc33b3793dfb8f9b764') in 0.007659 seconds
  Import took 0.009654 seconds .

========================================================================
Received Import Request.
  Time since last request: 6.317267 seconds.
  path: Assets/Tork/Samples/Scripts/DemoInputSource.cs
  artifactKey: Guid(b3b85e25256fd4e4da7311f52bde51c4) Importer(815301076,1909f56bfc062723c751e8b465ee728b)
Start importing Assets/Tork/Samples/Scripts/DemoInputSource.cs using Guid(b3b85e25256fd4e4da7311f52bde51c4) Importer(815301076,1909f56bfc062723c751e8b465ee728b)  -> (artifact id: '86edfba43c180d4d424a682d7d7d64a9') in 0.006307 seconds
  Import took 0.007745 seconds .

========================================================================
Received Import Request.
  Time since last request: 141.431899 seconds.
  path: Assets/Tork/Runtime/Core/TorkWheel.cs
  artifactKey: Guid(ced0bd0950164284e970abf5ee4cefde) Importer(815301076,1909f56bfc062723c751e8b465ee728b)
Start importing Assets/Tork/Runtime/Core/TorkWheel.cs using Guid(ced0bd0950164284e970abf5ee4cefde) Importer(815301076,1909f56bfc062723c751e8b465ee728b)  -> (artifact id: '35d63e81c3c4f8a4596f4b789eab332b') in 0.007051 seconds
  Import took 0.009015 seconds .

========================================================================
Received Prepare
Registering precompiled user dll's ...
Registered in 0.000767 seconds.
Begin MonoManager ReloadAssembly
Native extension for WindowsStandalone target not found
Refreshing native plugins compatible for Editor in 0.16 ms, found 0 plugins.
Preloading 0 native plugins for Editor in 0.00 ms.
Invoked RoslynAnalysisRunner static constructor.
RoslynAnalysisRunner will not be running.
RoslynAnalysisRunner has terminated.
Mono: successfully reloaded assembly
- Completed reload, in  0.681 seconds
Platform modules already initialized, skipping
Refreshing native plugins compatible for Editor in 0.29 ms, found 0 plugins.
Preloading 0 native plugins for Editor in 0.00 ms.
Unloading 1000 Unused Serialized files (Serialized files now loaded: 0)
System memory in use before: 53.5 MB.
System memory in use after: 53.6 MB.

Unloading 4 unused Assets to reduce memory usage. Loaded Objects now: 1461.
Total: 1.512200 ms (FindLiveObjects: 0.187200 ms CreateObjectMapping: 0.055200 ms MarkObjects: 1.256400 ms  DeleteObjects: 0.012200 ms)

AssetImportWorkerClient::OnTransportError - code=2 error=End of file
